C:\DOCUMENTS AND SETTINGS\AAN\MIS DOCUMENTOS\VISUAL STUDIO 2010\PROJECTS\YMID\DEBUG\YMID.EXE
C:\DOCUMENTS AND SETTINGS\AAN\MIS DOCUMENTOS\VISUAL STUDIO 2010\PROJECTS\YMID\DEBUG\YMID.ILK
C:\DOCUMENTS AND SETTINGS\AAN\MIS DOCUMENTOS\VISUAL STUDIO 2010\PROJECTS\YMID\DEBUG\YMID.PDB
C:\DOCUMENTS AND SETTINGS\AAN\MIS DOCUMENTOS\VISUAL STUDIO 2010\PROJECTS\YMID\YMID\DEBUG\AVATARCONTROLLER.OBJ
C:\DOCUMENTS AND SETTINGS\AAN\MIS DOCUMENTOS\VISUAL STUDIO 2010\PROJECTS\YMID\YMID\DEBUG\AVATARLOGICCALCULATOR.OBJ
C:\DOCUMENTS AND SETTINGS\AAN\MIS DOCUMENTOS\VISUAL STUDIO 2010\PROJECTS\YMID\YMID\DEBUG\AVATARMODEL.OBJ
C:\DOCUMENTS AND SETTINGS\AAN\MIS DOCUMENTOS\VISUAL STUDIO 2010\PROJECTS\YMID\YMID\DEBUG\AVATARVIEW.OBJ
C:\DOCUMENTS AND SETTINGS\AAN\MIS DOCUMENTOS\VISUAL STUDIO 2010\PROJECTS\YMID\YMID\DEBUG\BACKGROUNDENTITY.OBJ
C:\Documents and Settings\aan\Mis documentos\Visual Studio 2010\Projects\YMID\YMID\Debug\cl.command.1.tlog
C:\Documents and Settings\aan\Mis documentos\Visual Studio 2010\Projects\YMID\YMID\Debug\CL.read.1.tlog
C:\Documents and Settings\aan\Mis documentos\Visual Studio 2010\Projects\YMID\YMID\Debug\CL.write.1.tlog
C:\DOCUMENTS AND SETTINGS\AAN\MIS DOCUMENTOS\VISUAL STUDIO 2010\PROJECTS\YMID\YMID\DEBUG\CORE.OBJ
C:\DOCUMENTS AND SETTINGS\AAN\MIS DOCUMENTOS\VISUAL STUDIO 2010\PROJECTS\YMID\YMID\DEBUG\DYNAMICOBJECTMAGICRAYLOGICCALCULATOR.OBJ
C:\DOCUMENTS AND SETTINGS\AAN\MIS DOCUMENTOS\VISUAL STUDIO 2010\PROJECTS\YMID\YMID\DEBUG\DYNAMICOBJECTMODEL.OBJ
C:\DOCUMENTS AND SETTINGS\AAN\MIS DOCUMENTOS\VISUAL STUDIO 2010\PROJECTS\YMID\YMID\DEBUG\ENDGAMESTATE.OBJ
C:\DOCUMENTS AND SETTINGS\AAN\MIS DOCUMENTOS\VISUAL STUDIO 2010\PROJECTS\YMID\YMID\DEBUG\ENEMYCONTROLLER.OBJ
C:\DOCUMENTS AND SETTINGS\AAN\MIS DOCUMENTOS\VISUAL STUDIO 2010\PROJECTS\YMID\YMID\DEBUG\ENEMYFACTORY.OBJ
C:\DOCUMENTS AND SETTINGS\AAN\MIS DOCUMENTOS\VISUAL STUDIO 2010\PROJECTS\YMID\YMID\DEBUG\ENEMYLOGICCALCULATOR.OBJ
C:\DOCUMENTS AND SETTINGS\AAN\MIS DOCUMENTOS\VISUAL STUDIO 2010\PROJECTS\YMID\YMID\DEBUG\ENEMYPATROLLINGHORIZONTALLYLOGICCALCULATOR.OBJ
C:\DOCUMENTS AND SETTINGS\AAN\MIS DOCUMENTOS\VISUAL STUDIO 2010\PROJECTS\YMID\YMID\DEBUG\ENEMYPATROLLINGSTATICLOGICCALCULATOR.OBJ
C:\DOCUMENTS AND SETTINGS\AAN\MIS DOCUMENTOS\VISUAL STUDIO 2010\PROJECTS\YMID\YMID\DEBUG\ENEMYPATROLLINGVERTICALLYLOGICCALCULATOR.OBJ
C:\DOCUMENTS AND SETTINGS\AAN\MIS DOCUMENTOS\VISUAL STUDIO 2010\PROJECTS\YMID\YMID\DEBUG\ENEMYSTATICCONTROLLER.OBJ
C:\DOCUMENTS AND SETTINGS\AAN\MIS DOCUMENTOS\VISUAL STUDIO 2010\PROJECTS\YMID\YMID\DEBUG\ENEMYSTATICLOGICCALCULATOR.OBJ
C:\DOCUMENTS AND SETTINGS\AAN\MIS DOCUMENTOS\VISUAL STUDIO 2010\PROJECTS\YMID\YMID\DEBUG\ENEMYSTATICMODEL.OBJ
C:\DOCUMENTS AND SETTINGS\AAN\MIS DOCUMENTOS\VISUAL STUDIO 2010\PROJECTS\YMID\YMID\DEBUG\ENEMYSTATICVIEW.OBJ
C:\DOCUMENTS AND SETTINGS\AAN\MIS DOCUMENTOS\VISUAL STUDIO 2010\PROJECTS\YMID\YMID\DEBUG\FMODMANAGER.OBJ
C:\DOCUMENTS AND SETTINGS\AAN\MIS DOCUMENTOS\VISUAL STUDIO 2010\PROJECTS\YMID\YMID\DEBUG\FONTMANAGER.OBJ
C:\DOCUMENTS AND SETTINGS\AAN\MIS DOCUMENTOS\VISUAL STUDIO 2010\PROJECTS\YMID\YMID\DEBUG\FREETYPE.OBJ
C:\DOCUMENTS AND SETTINGS\AAN\MIS DOCUMENTOS\VISUAL STUDIO 2010\PROJECTS\YMID\YMID\DEBUG\GAMEPROGRESSMANAGER.OBJ
C:\DOCUMENTS AND SETTINGS\AAN\MIS DOCUMENTOS\VISUAL STUDIO 2010\PROJECTS\YMID\YMID\DEBUG\GAMESTATE.OBJ
C:\DOCUMENTS AND SETTINGS\AAN\MIS DOCUMENTOS\VISUAL STUDIO 2010\PROJECTS\YMID\YMID\DEBUG\INPUTMANAGER.OBJ
C:\DOCUMENTS AND SETTINGS\AAN\MIS DOCUMENTOS\VISUAL STUDIO 2010\PROJECTS\YMID\YMID\DEBUG\INTROSTATE.OBJ
C:\DOCUMENTS AND SETTINGS\AAN\MIS DOCUMENTOS\VISUAL STUDIO 2010\PROJECTS\YMID\YMID\DEBUG\LEVELCONTROLLER.OBJ
C:\DOCUMENTS AND SETTINGS\AAN\MIS DOCUMENTOS\VISUAL STUDIO 2010\PROJECTS\YMID\YMID\DEBUG\LEVELMODEL.OBJ
C:\DOCUMENTS AND SETTINGS\AAN\MIS DOCUMENTOS\VISUAL STUDIO 2010\PROJECTS\YMID\YMID\DEBUG\LEVELVIEW.OBJ
C:\Documents and Settings\aan\Mis documentos\Visual Studio 2010\Projects\YMID\YMID\Debug\link.1004.read.1.tlog
C:\Documents and Settings\aan\Mis documentos\Visual Studio 2010\Projects\YMID\YMID\Debug\link.1004.read.2.tlog
C:\Documents and Settings\aan\Mis documentos\Visual Studio 2010\Projects\YMID\YMID\Debug\link.1004.write.1.tlog
C:\Documents and Settings\aan\Mis documentos\Visual Studio 2010\Projects\YMID\YMID\Debug\link.1004-cvtres.read.1.tlog
C:\Documents and Settings\aan\Mis documentos\Visual Studio 2010\Projects\YMID\YMID\Debug\link.1004-cvtres.write.1.tlog
C:\Documents and Settings\aan\Mis documentos\Visual Studio 2010\Projects\YMID\YMID\Debug\link.1136.read.1.tlog
C:\Documents and Settings\aan\Mis documentos\Visual Studio 2010\Projects\YMID\YMID\Debug\link.1136.read.2.tlog
C:\Documents and Settings\aan\Mis documentos\Visual Studio 2010\Projects\YMID\YMID\Debug\link.1136.write.1.tlog
C:\Documents and Settings\aan\Mis documentos\Visual Studio 2010\Projects\YMID\YMID\Debug\link.1136-cvtres.read.1.tlog
C:\Documents and Settings\aan\Mis documentos\Visual Studio 2010\Projects\YMID\YMID\Debug\link.1136-cvtres.write.1.tlog
C:\Documents and Settings\aan\Mis documentos\Visual Studio 2010\Projects\YMID\YMID\Debug\link.1356.read.1.tlog
C:\Documents and Settings\aan\Mis documentos\Visual Studio 2010\Projects\YMID\YMID\Debug\link.1356.read.2.tlog
C:\Documents and Settings\aan\Mis documentos\Visual Studio 2010\Projects\YMID\YMID\Debug\link.1356.write.1.tlog
C:\Documents and Settings\aan\Mis documentos\Visual Studio 2010\Projects\YMID\YMID\Debug\link.1356-cvtres.read.1.tlog
C:\Documents and Settings\aan\Mis documentos\Visual Studio 2010\Projects\YMID\YMID\Debug\link.1356-cvtres.write.1.tlog
C:\Documents and Settings\aan\Mis documentos\Visual Studio 2010\Projects\YMID\YMID\Debug\link.1416.read.1.tlog
C:\Documents and Settings\aan\Mis documentos\Visual Studio 2010\Projects\YMID\YMID\Debug\link.1416.read.2.tlog
C:\Documents and Settings\aan\Mis documentos\Visual Studio 2010\Projects\YMID\YMID\Debug\link.1416.write.1.tlog
C:\Documents and Settings\aan\Mis documentos\Visual Studio 2010\Projects\YMID\YMID\Debug\link.1416-cvtres.read.1.tlog
C:\Documents and Settings\aan\Mis documentos\Visual Studio 2010\Projects\YMID\YMID\Debug\link.1416-cvtres.write.1.tlog
C:\Documents and Settings\aan\Mis documentos\Visual Studio 2010\Projects\YMID\YMID\Debug\link.1548.read.1.tlog
C:\Documents and Settings\aan\Mis documentos\Visual Studio 2010\Projects\YMID\YMID\Debug\link.1548.read.2.tlog
C:\Documents and Settings\aan\Mis documentos\Visual Studio 2010\Projects\YMID\YMID\Debug\link.1548.write.1.tlog
C:\Documents and Settings\aan\Mis documentos\Visual Studio 2010\Projects\YMID\YMID\Debug\link.1548-cvtres.read.1.tlog
C:\Documents and Settings\aan\Mis documentos\Visual Studio 2010\Projects\YMID\YMID\Debug\link.1548-cvtres.write.1.tlog
C:\Documents and Settings\aan\Mis documentos\Visual Studio 2010\Projects\YMID\YMID\Debug\link.1556.read.1.tlog
C:\Documents and Settings\aan\Mis documentos\Visual Studio 2010\Projects\YMID\YMID\Debug\link.1556.read.2.tlog
C:\Documents and Settings\aan\Mis documentos\Visual Studio 2010\Projects\YMID\YMID\Debug\link.1556.write.1.tlog
C:\Documents and Settings\aan\Mis documentos\Visual Studio 2010\Projects\YMID\YMID\Debug\link.1556-cvtres.read.1.tlog
C:\Documents and Settings\aan\Mis documentos\Visual Studio 2010\Projects\YMID\YMID\Debug\link.1556-cvtres.write.1.tlog
C:\Documents and Settings\aan\Mis documentos\Visual Studio 2010\Projects\YMID\YMID\Debug\link.1576.read.1.tlog
C:\Documents and Settings\aan\Mis documentos\Visual Studio 2010\Projects\YMID\YMID\Debug\link.1576.read.2.tlog
C:\Documents and Settings\aan\Mis documentos\Visual Studio 2010\Projects\YMID\YMID\Debug\link.1576.write.1.tlog
C:\Documents and Settings\aan\Mis documentos\Visual Studio 2010\Projects\YMID\YMID\Debug\link.1576-cvtres.read.1.tlog
C:\Documents and Settings\aan\Mis documentos\Visual Studio 2010\Projects\YMID\YMID\Debug\link.1576-cvtres.write.1.tlog
C:\Documents and Settings\aan\Mis documentos\Visual Studio 2010\Projects\YMID\YMID\Debug\link.1584.read.1.tlog
C:\Documents and Settings\aan\Mis documentos\Visual Studio 2010\Projects\YMID\YMID\Debug\link.1584.read.2.tlog
C:\Documents and Settings\aan\Mis documentos\Visual Studio 2010\Projects\YMID\YMID\Debug\link.1584.write.1.tlog
C:\Documents and Settings\aan\Mis documentos\Visual Studio 2010\Projects\YMID\YMID\Debug\link.1584-cvtres.read.1.tlog
C:\Documents and Settings\aan\Mis documentos\Visual Studio 2010\Projects\YMID\YMID\Debug\link.1584-cvtres.write.1.tlog
C:\Documents and Settings\aan\Mis documentos\Visual Studio 2010\Projects\YMID\YMID\Debug\link.1908.read.1.tlog
C:\Documents and Settings\aan\Mis documentos\Visual Studio 2010\Projects\YMID\YMID\Debug\link.1908.read.2.tlog
C:\Documents and Settings\aan\Mis documentos\Visual Studio 2010\Projects\YMID\YMID\Debug\link.1908.write.1.tlog
C:\Documents and Settings\aan\Mis documentos\Visual Studio 2010\Projects\YMID\YMID\Debug\link.1908-cvtres.read.1.tlog
C:\Documents and Settings\aan\Mis documentos\Visual Studio 2010\Projects\YMID\YMID\Debug\link.1908-cvtres.write.1.tlog
C:\Documents and Settings\aan\Mis documentos\Visual Studio 2010\Projects\YMID\YMID\Debug\link.2272.read.1.tlog
C:\Documents and Settings\aan\Mis documentos\Visual Studio 2010\Projects\YMID\YMID\Debug\link.2272.read.2.tlog
C:\Documents and Settings\aan\Mis documentos\Visual Studio 2010\Projects\YMID\YMID\Debug\link.2272.write.1.tlog
C:\Documents and Settings\aan\Mis documentos\Visual Studio 2010\Projects\YMID\YMID\Debug\link.2272-cvtres.read.1.tlog
C:\Documents and Settings\aan\Mis documentos\Visual Studio 2010\Projects\YMID\YMID\Debug\link.2272-cvtres.write.1.tlog
C:\Documents and Settings\aan\Mis documentos\Visual Studio 2010\Projects\YMID\YMID\Debug\link.2332.read.1.tlog
C:\Documents and Settings\aan\Mis documentos\Visual Studio 2010\Projects\YMID\YMID\Debug\link.2332.read.2.tlog
C:\Documents and Settings\aan\Mis documentos\Visual Studio 2010\Projects\YMID\YMID\Debug\link.2332.write.1.tlog
C:\Documents and Settings\aan\Mis documentos\Visual Studio 2010\Projects\YMID\YMID\Debug\link.2332-cvtres.read.1.tlog
C:\Documents and Settings\aan\Mis documentos\Visual Studio 2010\Projects\YMID\YMID\Debug\link.2332-cvtres.write.1.tlog
C:\Documents and Settings\aan\Mis documentos\Visual Studio 2010\Projects\YMID\YMID\Debug\link.2492.read.1.tlog
C:\Documents and Settings\aan\Mis documentos\Visual Studio 2010\Projects\YMID\YMID\Debug\link.2492.read.2.tlog
C:\Documents and Settings\aan\Mis documentos\Visual Studio 2010\Projects\YMID\YMID\Debug\link.2492.write.1.tlog
C:\Documents and Settings\aan\Mis documentos\Visual Studio 2010\Projects\YMID\YMID\Debug\link.2492-cvtres.read.1.tlog
C:\Documents and Settings\aan\Mis documentos\Visual Studio 2010\Projects\YMID\YMID\Debug\link.2492-cvtres.write.1.tlog
C:\Documents and Settings\aan\Mis documentos\Visual Studio 2010\Projects\YMID\YMID\Debug\link.2500.read.1.tlog
C:\Documents and Settings\aan\Mis documentos\Visual Studio 2010\Projects\YMID\YMID\Debug\link.2500.write.1.tlog
C:\Documents and Settings\aan\Mis documentos\Visual Studio 2010\Projects\YMID\YMID\Debug\link.2500-cvtres.read.1.tlog
C:\Documents and Settings\aan\Mis documentos\Visual Studio 2010\Projects\YMID\YMID\Debug\link.2500-cvtres.write.1.tlog
C:\Documents and Settings\aan\Mis documentos\Visual Studio 2010\Projects\YMID\YMID\Debug\link.2548.read.1.tlog
C:\Documents and Settings\aan\Mis documentos\Visual Studio 2010\Projects\YMID\YMID\Debug\link.2548.read.2.tlog
C:\Documents and Settings\aan\Mis documentos\Visual Studio 2010\Projects\YMID\YMID\Debug\link.2548.write.1.tlog
C:\Documents and Settings\aan\Mis documentos\Visual Studio 2010\Projects\YMID\YMID\Debug\link.2548-cvtres.read.1.tlog
C:\Documents and Settings\aan\Mis documentos\Visual Studio 2010\Projects\YMID\YMID\Debug\link.2548-cvtres.write.1.tlog
C:\Documents and Settings\aan\Mis documentos\Visual Studio 2010\Projects\YMID\YMID\Debug\link.2616.read.1.tlog
C:\Documents and Settings\aan\Mis documentos\Visual Studio 2010\Projects\YMID\YMID\Debug\link.2616.read.2.tlog
C:\Documents and Settings\aan\Mis documentos\Visual Studio 2010\Projects\YMID\YMID\Debug\link.2616.write.1.tlog
C:\Documents and Settings\aan\Mis documentos\Visual Studio 2010\Projects\YMID\YMID\Debug\link.2616-cvtres.read.1.tlog
C:\Documents and Settings\aan\Mis documentos\Visual Studio 2010\Projects\YMID\YMID\Debug\link.2616-cvtres.write.1.tlog
C:\Documents and Settings\aan\Mis documentos\Visual Studio 2010\Projects\YMID\YMID\Debug\link.2760.read.1.tlog
C:\Documents and Settings\aan\Mis documentos\Visual Studio 2010\Projects\YMID\YMID\Debug\link.2760.read.2.tlog
C:\Documents and Settings\aan\Mis documentos\Visual Studio 2010\Projects\YMID\YMID\Debug\link.2760.write.1.tlog
C:\Documents and Settings\aan\Mis documentos\Visual Studio 2010\Projects\YMID\YMID\Debug\link.2760-cvtres.read.1.tlog
C:\Documents and Settings\aan\Mis documentos\Visual Studio 2010\Projects\YMID\YMID\Debug\link.2760-cvtres.write.1.tlog
C:\Documents and Settings\aan\Mis documentos\Visual Studio 2010\Projects\YMID\YMID\Debug\link.2792.read.1.tlog
C:\Documents and Settings\aan\Mis documentos\Visual Studio 2010\Projects\YMID\YMID\Debug\link.2792.read.2.tlog
C:\Documents and Settings\aan\Mis documentos\Visual Studio 2010\Projects\YMID\YMID\Debug\link.2792.write.1.tlog
C:\Documents and Settings\aan\Mis documentos\Visual Studio 2010\Projects\YMID\YMID\Debug\link.2792-cvtres.read.1.tlog
C:\Documents and Settings\aan\Mis documentos\Visual Studio 2010\Projects\YMID\YMID\Debug\link.2792-cvtres.write.1.tlog
C:\Documents and Settings\aan\Mis documentos\Visual Studio 2010\Projects\YMID\YMID\Debug\link.2852.read.1.tlog
C:\Documents and Settings\aan\Mis documentos\Visual Studio 2010\Projects\YMID\YMID\Debug\link.2852.read.2.tlog
C:\Documents and Settings\aan\Mis documentos\Visual Studio 2010\Projects\YMID\YMID\Debug\link.2852.write.1.tlog
C:\Documents and Settings\aan\Mis documentos\Visual Studio 2010\Projects\YMID\YMID\Debug\link.2852-cvtres.read.1.tlog
C:\Documents and Settings\aan\Mis documentos\Visual Studio 2010\Projects\YMID\YMID\Debug\link.2852-cvtres.write.1.tlog
C:\Documents and Settings\aan\Mis documentos\Visual Studio 2010\Projects\YMID\YMID\Debug\link.3008.read.1.tlog
C:\Documents and Settings\aan\Mis documentos\Visual Studio 2010\Projects\YMID\YMID\Debug\link.3008.read.2.tlog
C:\Documents and Settings\aan\Mis documentos\Visual Studio 2010\Projects\YMID\YMID\Debug\link.3008.write.1.tlog
C:\Documents and Settings\aan\Mis documentos\Visual Studio 2010\Projects\YMID\YMID\Debug\link.3008-cvtres.read.1.tlog
C:\Documents and Settings\aan\Mis documentos\Visual Studio 2010\Projects\YMID\YMID\Debug\link.3008-cvtres.write.1.tlog
C:\Documents and Settings\aan\Mis documentos\Visual Studio 2010\Projects\YMID\YMID\Debug\link.3064.read.1.tlog
C:\Documents and Settings\aan\Mis documentos\Visual Studio 2010\Projects\YMID\YMID\Debug\link.3064.read.2.tlog
C:\Documents and Settings\aan\Mis documentos\Visual Studio 2010\Projects\YMID\YMID\Debug\link.3064.write.1.tlog
C:\Documents and Settings\aan\Mis documentos\Visual Studio 2010\Projects\YMID\YMID\Debug\link.3064-cvtres.read.1.tlog
C:\Documents and Settings\aan\Mis documentos\Visual Studio 2010\Projects\YMID\YMID\Debug\link.3064-cvtres.write.1.tlog
C:\Documents and Settings\aan\Mis documentos\Visual Studio 2010\Projects\YMID\YMID\Debug\link.3096.read.1.tlog
C:\Documents and Settings\aan\Mis documentos\Visual Studio 2010\Projects\YMID\YMID\Debug\link.3096.read.2.tlog
C:\Documents and Settings\aan\Mis documentos\Visual Studio 2010\Projects\YMID\YMID\Debug\link.3096.write.1.tlog
C:\Documents and Settings\aan\Mis documentos\Visual Studio 2010\Projects\YMID\YMID\Debug\link.3096-cvtres.read.1.tlog
C:\Documents and Settings\aan\Mis documentos\Visual Studio 2010\Projects\YMID\YMID\Debug\link.3096-cvtres.write.1.tlog
C:\Documents and Settings\aan\Mis documentos\Visual Studio 2010\Projects\YMID\YMID\Debug\link.3100.read.1.tlog
C:\Documents and Settings\aan\Mis documentos\Visual Studio 2010\Projects\YMID\YMID\Debug\link.3100.read.2.tlog
C:\Documents and Settings\aan\Mis documentos\Visual Studio 2010\Projects\YMID\YMID\Debug\link.3100.write.1.tlog
C:\Documents and Settings\aan\Mis documentos\Visual Studio 2010\Projects\YMID\YMID\Debug\link.3100-cvtres.read.1.tlog
C:\Documents and Settings\aan\Mis documentos\Visual Studio 2010\Projects\YMID\YMID\Debug\link.3100-cvtres.write.1.tlog
C:\Documents and Settings\aan\Mis documentos\Visual Studio 2010\Projects\YMID\YMID\Debug\link.3124.read.1.tlog
C:\Documents and Settings\aan\Mis documentos\Visual Studio 2010\Projects\YMID\YMID\Debug\link.3124.read.2.tlog
C:\Documents and Settings\aan\Mis documentos\Visual Studio 2010\Projects\YMID\YMID\Debug\link.3124.write.1.tlog
C:\Documents and Settings\aan\Mis documentos\Visual Studio 2010\Projects\YMID\YMID\Debug\link.3124-cvtres.read.1.tlog
C:\Documents and Settings\aan\Mis documentos\Visual Studio 2010\Projects\YMID\YMID\Debug\link.3124-cvtres.write.1.tlog
C:\Documents and Settings\aan\Mis documentos\Visual Studio 2010\Projects\YMID\YMID\Debug\link.3416.read.1.tlog
C:\Documents and Settings\aan\Mis documentos\Visual Studio 2010\Projects\YMID\YMID\Debug\link.3416.read.2.tlog
C:\Documents and Settings\aan\Mis documentos\Visual Studio 2010\Projects\YMID\YMID\Debug\link.3416.write.1.tlog
C:\Documents and Settings\aan\Mis documentos\Visual Studio 2010\Projects\YMID\YMID\Debug\link.3416-cvtres.read.1.tlog
C:\Documents and Settings\aan\Mis documentos\Visual Studio 2010\Projects\YMID\YMID\Debug\link.3416-cvtres.write.1.tlog
C:\Documents and Settings\aan\Mis documentos\Visual Studio 2010\Projects\YMID\YMID\Debug\link.3424.read.1.tlog
C:\Documents and Settings\aan\Mis documentos\Visual Studio 2010\Projects\YMID\YMID\Debug\link.3424.read.2.tlog
C:\Documents and Settings\aan\Mis documentos\Visual Studio 2010\Projects\YMID\YMID\Debug\link.3424.write.1.tlog
C:\Documents and Settings\aan\Mis documentos\Visual Studio 2010\Projects\YMID\YMID\Debug\link.3424-cvtres.read.1.tlog
C:\Documents and Settings\aan\Mis documentos\Visual Studio 2010\Projects\YMID\YMID\Debug\link.3424-cvtres.write.1.tlog
C:\Documents and Settings\aan\Mis documentos\Visual Studio 2010\Projects\YMID\YMID\Debug\link.3432.read.1.tlog
C:\Documents and Settings\aan\Mis documentos\Visual Studio 2010\Projects\YMID\YMID\Debug\link.3432.read.2.tlog
C:\Documents and Settings\aan\Mis documentos\Visual Studio 2010\Projects\YMID\YMID\Debug\link.3432.write.1.tlog
C:\Documents and Settings\aan\Mis documentos\Visual Studio 2010\Projects\YMID\YMID\Debug\link.3432-cvtres.read.1.tlog
C:\Documents and Settings\aan\Mis documentos\Visual Studio 2010\Projects\YMID\YMID\Debug\link.3432-cvtres.write.1.tlog
C:\Documents and Settings\aan\Mis documentos\Visual Studio 2010\Projects\YMID\YMID\Debug\link.344.read.1.tlog
C:\Documents and Settings\aan\Mis documentos\Visual Studio 2010\Projects\YMID\YMID\Debug\link.344.read.2.tlog
C:\Documents and Settings\aan\Mis documentos\Visual Studio 2010\Projects\YMID\YMID\Debug\link.344.write.1.tlog
C:\Documents and Settings\aan\Mis documentos\Visual Studio 2010\Projects\YMID\YMID\Debug\link.3440.read.1.tlog
C:\Documents and Settings\aan\Mis documentos\Visual Studio 2010\Projects\YMID\YMID\Debug\link.3440.read.2.tlog
C:\Documents and Settings\aan\Mis documentos\Visual Studio 2010\Projects\YMID\YMID\Debug\link.3440.write.1.tlog
C:\Documents and Settings\aan\Mis documentos\Visual Studio 2010\Projects\YMID\YMID\Debug\link.3440-cvtres.read.1.tlog
C:\Documents and Settings\aan\Mis documentos\Visual Studio 2010\Projects\YMID\YMID\Debug\link.3440-cvtres.write.1.tlog
C:\Documents and Settings\aan\Mis documentos\Visual Studio 2010\Projects\YMID\YMID\Debug\link.344-cvtres.read.1.tlog
C:\Documents and Settings\aan\Mis documentos\Visual Studio 2010\Projects\YMID\YMID\Debug\link.344-cvtres.write.1.tlog
C:\Documents and Settings\aan\Mis documentos\Visual Studio 2010\Projects\YMID\YMID\Debug\link.3560.read.1.tlog
C:\Documents and Settings\aan\Mis documentos\Visual Studio 2010\Projects\YMID\YMID\Debug\link.3560.read.2.tlog
C:\Documents and Settings\aan\Mis documentos\Visual Studio 2010\Projects\YMID\YMID\Debug\link.3560.write.1.tlog
C:\Documents and Settings\aan\Mis documentos\Visual Studio 2010\Projects\YMID\YMID\Debug\link.3560-cvtres.read.1.tlog
C:\Documents and Settings\aan\Mis documentos\Visual Studio 2010\Projects\YMID\YMID\Debug\link.3560-cvtres.write.1.tlog
C:\Documents and Settings\aan\Mis documentos\Visual Studio 2010\Projects\YMID\YMID\Debug\link.3568.read.1.tlog
C:\Documents and Settings\aan\Mis documentos\Visual Studio 2010\Projects\YMID\YMID\Debug\link.3568.read.2.tlog
C:\Documents and Settings\aan\Mis documentos\Visual Studio 2010\Projects\YMID\YMID\Debug\link.3568.write.1.tlog
C:\Documents and Settings\aan\Mis documentos\Visual Studio 2010\Projects\YMID\YMID\Debug\link.3568-cvtres.read.1.tlog
C:\Documents and Settings\aan\Mis documentos\Visual Studio 2010\Projects\YMID\YMID\Debug\link.3568-cvtres.write.1.tlog
C:\Documents and Settings\aan\Mis documentos\Visual Studio 2010\Projects\YMID\YMID\Debug\link.3620.read.1.tlog
C:\Documents and Settings\aan\Mis documentos\Visual Studio 2010\Projects\YMID\YMID\Debug\link.3620.read.2.tlog
C:\Documents and Settings\aan\Mis documentos\Visual Studio 2010\Projects\YMID\YMID\Debug\link.3620.write.1.tlog
C:\Documents and Settings\aan\Mis documentos\Visual Studio 2010\Projects\YMID\YMID\Debug\link.3620-cvtres.read.1.tlog
C:\Documents and Settings\aan\Mis documentos\Visual Studio 2010\Projects\YMID\YMID\Debug\link.3620-cvtres.write.1.tlog
C:\Documents and Settings\aan\Mis documentos\Visual Studio 2010\Projects\YMID\YMID\Debug\link.3640.read.1.tlog
C:\Documents and Settings\aan\Mis documentos\Visual Studio 2010\Projects\YMID\YMID\Debug\link.3640.read.2.tlog
C:\Documents and Settings\aan\Mis documentos\Visual Studio 2010\Projects\YMID\YMID\Debug\link.3640.write.1.tlog
C:\Documents and Settings\aan\Mis documentos\Visual Studio 2010\Projects\YMID\YMID\Debug\link.3640-cvtres.read.1.tlog
C:\Documents and Settings\aan\Mis documentos\Visual Studio 2010\Projects\YMID\YMID\Debug\link.3640-cvtres.write.1.tlog
C:\Documents and Settings\aan\Mis documentos\Visual Studio 2010\Projects\YMID\YMID\Debug\link.3644.read.1.tlog
C:\Documents and Settings\aan\Mis documentos\Visual Studio 2010\Projects\YMID\YMID\Debug\link.3644.read.2.tlog
C:\Documents and Settings\aan\Mis documentos\Visual Studio 2010\Projects\YMID\YMID\Debug\link.3644.write.1.tlog
C:\Documents and Settings\aan\Mis documentos\Visual Studio 2010\Projects\YMID\YMID\Debug\link.3644-cvtres.read.1.tlog
C:\Documents and Settings\aan\Mis documentos\Visual Studio 2010\Projects\YMID\YMID\Debug\link.3644-cvtres.write.1.tlog
C:\Documents and Settings\aan\Mis documentos\Visual Studio 2010\Projects\YMID\YMID\Debug\link.3696.read.1.tlog
C:\Documents and Settings\aan\Mis documentos\Visual Studio 2010\Projects\YMID\YMID\Debug\link.3696.read.2.tlog
C:\Documents and Settings\aan\Mis documentos\Visual Studio 2010\Projects\YMID\YMID\Debug\link.3696.write.1.tlog
C:\Documents and Settings\aan\Mis documentos\Visual Studio 2010\Projects\YMID\YMID\Debug\link.3696-cvtres.read.1.tlog
C:\Documents and Settings\aan\Mis documentos\Visual Studio 2010\Projects\YMID\YMID\Debug\link.3696-cvtres.write.1.tlog
C:\Documents and Settings\aan\Mis documentos\Visual Studio 2010\Projects\YMID\YMID\Debug\link.3764.read.1.tlog
C:\Documents and Settings\aan\Mis documentos\Visual Studio 2010\Projects\YMID\YMID\Debug\link.3764.read.2.tlog
C:\Documents and Settings\aan\Mis documentos\Visual Studio 2010\Projects\YMID\YMID\Debug\link.3764.write.1.tlog
C:\Documents and Settings\aan\Mis documentos\Visual Studio 2010\Projects\YMID\YMID\Debug\link.3764-cvtres.read.1.tlog
C:\Documents and Settings\aan\Mis documentos\Visual Studio 2010\Projects\YMID\YMID\Debug\link.3764-cvtres.write.1.tlog
C:\Documents and Settings\aan\Mis documentos\Visual Studio 2010\Projects\YMID\YMID\Debug\link.3776.read.1.tlog
C:\Documents and Settings\aan\Mis documentos\Visual Studio 2010\Projects\YMID\YMID\Debug\link.3776.read.2.tlog
C:\Documents and Settings\aan\Mis documentos\Visual Studio 2010\Projects\YMID\YMID\Debug\link.3776.write.1.tlog
C:\Documents and Settings\aan\Mis documentos\Visual Studio 2010\Projects\YMID\YMID\Debug\link.3776-cvtres.read.1.tlog
C:\Documents and Settings\aan\Mis documentos\Visual Studio 2010\Projects\YMID\YMID\Debug\link.3776-cvtres.write.1.tlog
C:\Documents and Settings\aan\Mis documentos\Visual Studio 2010\Projects\YMID\YMID\Debug\link.3792.read.1.tlog
C:\Documents and Settings\aan\Mis documentos\Visual Studio 2010\Projects\YMID\YMID\Debug\link.3792.read.2.tlog
C:\Documents and Settings\aan\Mis documentos\Visual Studio 2010\Projects\YMID\YMID\Debug\link.3792.write.1.tlog
C:\Documents and Settings\aan\Mis documentos\Visual Studio 2010\Projects\YMID\YMID\Debug\link.3792-cvtres.read.1.tlog
C:\Documents and Settings\aan\Mis documentos\Visual Studio 2010\Projects\YMID\YMID\Debug\link.3792-cvtres.write.1.tlog
C:\Documents and Settings\aan\Mis documentos\Visual Studio 2010\Projects\YMID\YMID\Debug\link.3828.read.1.tlog
C:\Documents and Settings\aan\Mis documentos\Visual Studio 2010\Projects\YMID\YMID\Debug\link.3828.read.2.tlog
C:\Documents and Settings\aan\Mis documentos\Visual Studio 2010\Projects\YMID\YMID\Debug\link.3828.write.1.tlog
C:\Documents and Settings\aan\Mis documentos\Visual Studio 2010\Projects\YMID\YMID\Debug\link.3828-cvtres.read.1.tlog
C:\Documents and Settings\aan\Mis documentos\Visual Studio 2010\Projects\YMID\YMID\Debug\link.3828-cvtres.write.1.tlog
C:\Documents and Settings\aan\Mis documentos\Visual Studio 2010\Projects\YMID\YMID\Debug\link.3896.read.1.tlog
C:\Documents and Settings\aan\Mis documentos\Visual Studio 2010\Projects\YMID\YMID\Debug\link.3896.read.2.tlog
C:\Documents and Settings\aan\Mis documentos\Visual Studio 2010\Projects\YMID\YMID\Debug\link.3896.write.1.tlog
C:\Documents and Settings\aan\Mis documentos\Visual Studio 2010\Projects\YMID\YMID\Debug\link.3896-cvtres.read.1.tlog
C:\Documents and Settings\aan\Mis documentos\Visual Studio 2010\Projects\YMID\YMID\Debug\link.3896-cvtres.write.1.tlog
C:\Documents and Settings\aan\Mis documentos\Visual Studio 2010\Projects\YMID\YMID\Debug\link.3932.read.1.tlog
C:\Documents and Settings\aan\Mis documentos\Visual Studio 2010\Projects\YMID\YMID\Debug\link.3932.read.2.tlog
C:\Documents and Settings\aan\Mis documentos\Visual Studio 2010\Projects\YMID\YMID\Debug\link.3932.write.1.tlog
C:\Documents and Settings\aan\Mis documentos\Visual Studio 2010\Projects\YMID\YMID\Debug\link.3932-cvtres.read.1.tlog
C:\Documents and Settings\aan\Mis documentos\Visual Studio 2010\Projects\YMID\YMID\Debug\link.3932-cvtres.write.1.tlog
C:\Documents and Settings\aan\Mis documentos\Visual Studio 2010\Projects\YMID\YMID\Debug\link.4036.read.1.tlog
C:\Documents and Settings\aan\Mis documentos\Visual Studio 2010\Projects\YMID\YMID\Debug\link.4036.write.1.tlog
C:\Documents and Settings\aan\Mis documentos\Visual Studio 2010\Projects\YMID\YMID\Debug\link.4036-cvtres.read.1.tlog
C:\Documents and Settings\aan\Mis documentos\Visual Studio 2010\Projects\YMID\YMID\Debug\link.4036-cvtres.write.1.tlog
C:\Documents and Settings\aan\Mis documentos\Visual Studio 2010\Projects\YMID\YMID\Debug\link.4056.read.1.tlog
C:\Documents and Settings\aan\Mis documentos\Visual Studio 2010\Projects\YMID\YMID\Debug\link.4056.read.2.tlog
C:\Documents and Settings\aan\Mis documentos\Visual Studio 2010\Projects\YMID\YMID\Debug\link.4056.write.1.tlog
C:\Documents and Settings\aan\Mis documentos\Visual Studio 2010\Projects\YMID\YMID\Debug\link.4056-cvtres.read.1.tlog
C:\Documents and Settings\aan\Mis documentos\Visual Studio 2010\Projects\YMID\YMID\Debug\link.4056-cvtres.write.1.tlog
C:\Documents and Settings\aan\Mis documentos\Visual Studio 2010\Projects\YMID\YMID\Debug\link.4112.read.1.tlog
C:\Documents and Settings\aan\Mis documentos\Visual Studio 2010\Projects\YMID\YMID\Debug\link.4112.read.2.tlog
C:\Documents and Settings\aan\Mis documentos\Visual Studio 2010\Projects\YMID\YMID\Debug\link.4112.write.1.tlog
C:\Documents and Settings\aan\Mis documentos\Visual Studio 2010\Projects\YMID\YMID\Debug\link.4112-cvtres.read.1.tlog
C:\Documents and Settings\aan\Mis documentos\Visual Studio 2010\Projects\YMID\YMID\Debug\link.4112-cvtres.write.1.tlog
C:\Documents and Settings\aan\Mis documentos\Visual Studio 2010\Projects\YMID\YMID\Debug\link.4124.read.1.tlog
C:\Documents and Settings\aan\Mis documentos\Visual Studio 2010\Projects\YMID\YMID\Debug\link.4124.read.2.tlog
C:\Documents and Settings\aan\Mis documentos\Visual Studio 2010\Projects\YMID\YMID\Debug\link.4124.write.1.tlog
C:\Documents and Settings\aan\Mis documentos\Visual Studio 2010\Projects\YMID\YMID\Debug\link.4124-cvtres.read.1.tlog
C:\Documents and Settings\aan\Mis documentos\Visual Studio 2010\Projects\YMID\YMID\Debug\link.4124-cvtres.write.1.tlog
C:\Documents and Settings\aan\Mis documentos\Visual Studio 2010\Projects\YMID\YMID\Debug\link.4160.read.1.tlog
C:\Documents and Settings\aan\Mis documentos\Visual Studio 2010\Projects\YMID\YMID\Debug\link.4160.read.2.tlog
C:\Documents and Settings\aan\Mis documentos\Visual Studio 2010\Projects\YMID\YMID\Debug\link.4160.write.1.tlog
C:\Documents and Settings\aan\Mis documentos\Visual Studio 2010\Projects\YMID\YMID\Debug\link.4160-cvtres.read.1.tlog
C:\Documents and Settings\aan\Mis documentos\Visual Studio 2010\Projects\YMID\YMID\Debug\link.4160-cvtres.write.1.tlog
C:\Documents and Settings\aan\Mis documentos\Visual Studio 2010\Projects\YMID\YMID\Debug\link.4228.read.1.tlog
C:\Documents and Settings\aan\Mis documentos\Visual Studio 2010\Projects\YMID\YMID\Debug\link.4228.read.2.tlog
C:\Documents and Settings\aan\Mis documentos\Visual Studio 2010\Projects\YMID\YMID\Debug\link.4228.write.1.tlog
C:\Documents and Settings\aan\Mis documentos\Visual Studio 2010\Projects\YMID\YMID\Debug\link.4228-cvtres.read.1.tlog
C:\Documents and Settings\aan\Mis documentos\Visual Studio 2010\Projects\YMID\YMID\Debug\link.4228-cvtres.write.1.tlog
C:\Documents and Settings\aan\Mis documentos\Visual Studio 2010\Projects\YMID\YMID\Debug\link.4288.read.1.tlog
C:\Documents and Settings\aan\Mis documentos\Visual Studio 2010\Projects\YMID\YMID\Debug\link.4288.read.2.tlog
C:\Documents and Settings\aan\Mis documentos\Visual Studio 2010\Projects\YMID\YMID\Debug\link.4288.write.1.tlog
C:\Documents and Settings\aan\Mis documentos\Visual Studio 2010\Projects\YMID\YMID\Debug\link.4288-cvtres.read.1.tlog
C:\Documents and Settings\aan\Mis documentos\Visual Studio 2010\Projects\YMID\YMID\Debug\link.4288-cvtres.write.1.tlog
C:\Documents and Settings\aan\Mis documentos\Visual Studio 2010\Projects\YMID\YMID\Debug\link.4312.read.1.tlog
C:\Documents and Settings\aan\Mis documentos\Visual Studio 2010\Projects\YMID\YMID\Debug\link.4312.read.2.tlog
C:\Documents and Settings\aan\Mis documentos\Visual Studio 2010\Projects\YMID\YMID\Debug\link.4312.write.1.tlog
C:\Documents and Settings\aan\Mis documentos\Visual Studio 2010\Projects\YMID\YMID\Debug\link.4312-cvtres.read.1.tlog
C:\Documents and Settings\aan\Mis documentos\Visual Studio 2010\Projects\YMID\YMID\Debug\link.4312-cvtres.write.1.tlog
C:\Documents and Settings\aan\Mis documentos\Visual Studio 2010\Projects\YMID\YMID\Debug\link.4384.read.1.tlog
C:\Documents and Settings\aan\Mis documentos\Visual Studio 2010\Projects\YMID\YMID\Debug\link.4384.read.2.tlog
C:\Documents and Settings\aan\Mis documentos\Visual Studio 2010\Projects\YMID\YMID\Debug\link.4384.write.1.tlog
C:\Documents and Settings\aan\Mis documentos\Visual Studio 2010\Projects\YMID\YMID\Debug\link.4384-cvtres.read.1.tlog
C:\Documents and Settings\aan\Mis documentos\Visual Studio 2010\Projects\YMID\YMID\Debug\link.4384-cvtres.write.1.tlog
C:\Documents and Settings\aan\Mis documentos\Visual Studio 2010\Projects\YMID\YMID\Debug\link.4420.read.1.tlog
C:\Documents and Settings\aan\Mis documentos\Visual Studio 2010\Projects\YMID\YMID\Debug\link.4420.read.2.tlog
C:\Documents and Settings\aan\Mis documentos\Visual Studio 2010\Projects\YMID\YMID\Debug\link.4420.write.1.tlog
C:\Documents and Settings\aan\Mis documentos\Visual Studio 2010\Projects\YMID\YMID\Debug\link.4420-cvtres.read.1.tlog
C:\Documents and Settings\aan\Mis documentos\Visual Studio 2010\Projects\YMID\YMID\Debug\link.4420-cvtres.write.1.tlog
C:\Documents and Settings\aan\Mis documentos\Visual Studio 2010\Projects\YMID\YMID\Debug\link.4476.read.1.tlog
C:\Documents and Settings\aan\Mis documentos\Visual Studio 2010\Projects\YMID\YMID\Debug\link.4476.read.2.tlog
C:\Documents and Settings\aan\Mis documentos\Visual Studio 2010\Projects\YMID\YMID\Debug\link.4476.write.1.tlog
C:\Documents and Settings\aan\Mis documentos\Visual Studio 2010\Projects\YMID\YMID\Debug\link.4476-cvtres.read.1.tlog
C:\Documents and Settings\aan\Mis documentos\Visual Studio 2010\Projects\YMID\YMID\Debug\link.4476-cvtres.write.1.tlog
C:\Documents and Settings\aan\Mis documentos\Visual Studio 2010\Projects\YMID\YMID\Debug\link.4580.read.1.tlog
C:\Documents and Settings\aan\Mis documentos\Visual Studio 2010\Projects\YMID\YMID\Debug\link.4580.read.2.tlog
C:\Documents and Settings\aan\Mis documentos\Visual Studio 2010\Projects\YMID\YMID\Debug\link.4580.write.1.tlog
C:\Documents and Settings\aan\Mis documentos\Visual Studio 2010\Projects\YMID\YMID\Debug\link.4580-cvtres.read.1.tlog
C:\Documents and Settings\aan\Mis documentos\Visual Studio 2010\Projects\YMID\YMID\Debug\link.4580-cvtres.write.1.tlog
C:\Documents and Settings\aan\Mis documentos\Visual Studio 2010\Projects\YMID\YMID\Debug\link.4596.read.1.tlog
C:\Documents and Settings\aan\Mis documentos\Visual Studio 2010\Projects\YMID\YMID\Debug\link.4596.read.2.tlog
C:\Documents and Settings\aan\Mis documentos\Visual Studio 2010\Projects\YMID\YMID\Debug\link.4596.write.1.tlog
C:\Documents and Settings\aan\Mis documentos\Visual Studio 2010\Projects\YMID\YMID\Debug\link.4596-cvtres.read.1.tlog
C:\Documents and Settings\aan\Mis documentos\Visual Studio 2010\Projects\YMID\YMID\Debug\link.4596-cvtres.write.1.tlog
C:\Documents and Settings\aan\Mis documentos\Visual Studio 2010\Projects\YMID\YMID\Debug\link.4732.read.1.tlog
C:\Documents and Settings\aan\Mis documentos\Visual Studio 2010\Projects\YMID\YMID\Debug\link.4732.read.2.tlog
C:\Documents and Settings\aan\Mis documentos\Visual Studio 2010\Projects\YMID\YMID\Debug\link.4732.write.1.tlog
C:\Documents and Settings\aan\Mis documentos\Visual Studio 2010\Projects\YMID\YMID\Debug\link.4732-cvtres.read.1.tlog
C:\Documents and Settings\aan\Mis documentos\Visual Studio 2010\Projects\YMID\YMID\Debug\link.4732-cvtres.write.1.tlog
C:\Documents and Settings\aan\Mis documentos\Visual Studio 2010\Projects\YMID\YMID\Debug\link.476.read.1.tlog
C:\Documents and Settings\aan\Mis documentos\Visual Studio 2010\Projects\YMID\YMID\Debug\link.476.write.1.tlog
C:\Documents and Settings\aan\Mis documentos\Visual Studio 2010\Projects\YMID\YMID\Debug\link.476-cvtres.read.1.tlog
C:\Documents and Settings\aan\Mis documentos\Visual Studio 2010\Projects\YMID\YMID\Debug\link.476-cvtres.write.1.tlog
C:\Documents and Settings\aan\Mis documentos\Visual Studio 2010\Projects\YMID\YMID\Debug\link.4808.read.1.tlog
C:\Documents and Settings\aan\Mis documentos\Visual Studio 2010\Projects\YMID\YMID\Debug\link.4808.read.2.tlog
C:\Documents and Settings\aan\Mis documentos\Visual Studio 2010\Projects\YMID\YMID\Debug\link.4808.write.1.tlog
C:\Documents and Settings\aan\Mis documentos\Visual Studio 2010\Projects\YMID\YMID\Debug\link.4808-cvtres.read.1.tlog
C:\Documents and Settings\aan\Mis documentos\Visual Studio 2010\Projects\YMID\YMID\Debug\link.4808-cvtres.write.1.tlog
C:\Documents and Settings\aan\Mis documentos\Visual Studio 2010\Projects\YMID\YMID\Debug\link.4816.read.1.tlog
C:\Documents and Settings\aan\Mis documentos\Visual Studio 2010\Projects\YMID\YMID\Debug\link.4816.read.2.tlog
C:\Documents and Settings\aan\Mis documentos\Visual Studio 2010\Projects\YMID\YMID\Debug\link.4816.write.1.tlog
C:\Documents and Settings\aan\Mis documentos\Visual Studio 2010\Projects\YMID\YMID\Debug\link.4816-cvtres.read.1.tlog
C:\Documents and Settings\aan\Mis documentos\Visual Studio 2010\Projects\YMID\YMID\Debug\link.4816-cvtres.write.1.tlog
C:\Documents and Settings\aan\Mis documentos\Visual Studio 2010\Projects\YMID\YMID\Debug\link.4836.read.1.tlog
C:\Documents and Settings\aan\Mis documentos\Visual Studio 2010\Projects\YMID\YMID\Debug\link.4836.read.2.tlog
C:\Documents and Settings\aan\Mis documentos\Visual Studio 2010\Projects\YMID\YMID\Debug\link.4836.write.1.tlog
C:\Documents and Settings\aan\Mis documentos\Visual Studio 2010\Projects\YMID\YMID\Debug\link.4836-cvtres.read.1.tlog
C:\Documents and Settings\aan\Mis documentos\Visual Studio 2010\Projects\YMID\YMID\Debug\link.4836-cvtres.write.1.tlog
C:\Documents and Settings\aan\Mis documentos\Visual Studio 2010\Projects\YMID\YMID\Debug\link.4900.read.1.tlog
C:\Documents and Settings\aan\Mis documentos\Visual Studio 2010\Projects\YMID\YMID\Debug\link.4900.read.2.tlog
C:\Documents and Settings\aan\Mis documentos\Visual Studio 2010\Projects\YMID\YMID\Debug\link.4900.write.1.tlog
C:\Documents and Settings\aan\Mis documentos\Visual Studio 2010\Projects\YMID\YMID\Debug\link.4900-cvtres.read.1.tlog
C:\Documents and Settings\aan\Mis documentos\Visual Studio 2010\Projects\YMID\YMID\Debug\link.4900-cvtres.write.1.tlog
C:\Documents and Settings\aan\Mis documentos\Visual Studio 2010\Projects\YMID\YMID\Debug\link.496.read.1.tlog
C:\Documents and Settings\aan\Mis documentos\Visual Studio 2010\Projects\YMID\YMID\Debug\link.496.read.2.tlog
C:\Documents and Settings\aan\Mis documentos\Visual Studio 2010\Projects\YMID\YMID\Debug\link.496.write.1.tlog
C:\Documents and Settings\aan\Mis documentos\Visual Studio 2010\Projects\YMID\YMID\Debug\link.496-cvtres.read.1.tlog
C:\Documents and Settings\aan\Mis documentos\Visual Studio 2010\Projects\YMID\YMID\Debug\link.496-cvtres.write.1.tlog
C:\Documents and Settings\aan\Mis documentos\Visual Studio 2010\Projects\YMID\YMID\Debug\link.5028.read.1.tlog
C:\Documents and Settings\aan\Mis documentos\Visual Studio 2010\Projects\YMID\YMID\Debug\link.5028.read.2.tlog
C:\Documents and Settings\aan\Mis documentos\Visual Studio 2010\Projects\YMID\YMID\Debug\link.5028.write.1.tlog
C:\Documents and Settings\aan\Mis documentos\Visual Studio 2010\Projects\YMID\YMID\Debug\link.5028-cvtres.read.1.tlog
C:\Documents and Settings\aan\Mis documentos\Visual Studio 2010\Projects\YMID\YMID\Debug\link.5028-cvtres.write.1.tlog
C:\Documents and Settings\aan\Mis documentos\Visual Studio 2010\Projects\YMID\YMID\Debug\link.5108.read.1.tlog
C:\Documents and Settings\aan\Mis documentos\Visual Studio 2010\Projects\YMID\YMID\Debug\link.5108.read.2.tlog
C:\Documents and Settings\aan\Mis documentos\Visual Studio 2010\Projects\YMID\YMID\Debug\link.5108.write.1.tlog
C:\Documents and Settings\aan\Mis documentos\Visual Studio 2010\Projects\YMID\YMID\Debug\link.5108-cvtres.read.1.tlog
C:\Documents and Settings\aan\Mis documentos\Visual Studio 2010\Projects\YMID\YMID\Debug\link.5108-cvtres.write.1.tlog
C:\Documents and Settings\aan\Mis documentos\Visual Studio 2010\Projects\YMID\YMID\Debug\link.5124.read.1.tlog
C:\Documents and Settings\aan\Mis documentos\Visual Studio 2010\Projects\YMID\YMID\Debug\link.5124.read.2.tlog
C:\Documents and Settings\aan\Mis documentos\Visual Studio 2010\Projects\YMID\YMID\Debug\link.5124.write.1.tlog
C:\Documents and Settings\aan\Mis documentos\Visual Studio 2010\Projects\YMID\YMID\Debug\link.5124-cvtres.read.1.tlog
C:\Documents and Settings\aan\Mis documentos\Visual Studio 2010\Projects\YMID\YMID\Debug\link.5124-cvtres.write.1.tlog
C:\Documents and Settings\aan\Mis documentos\Visual Studio 2010\Projects\YMID\YMID\Debug\link.5176.read.1.tlog
C:\Documents and Settings\aan\Mis documentos\Visual Studio 2010\Projects\YMID\YMID\Debug\link.5176.read.2.tlog
C:\Documents and Settings\aan\Mis documentos\Visual Studio 2010\Projects\YMID\YMID\Debug\link.5176.write.1.tlog
C:\Documents and Settings\aan\Mis documentos\Visual Studio 2010\Projects\YMID\YMID\Debug\link.5176-cvtres.read.1.tlog
C:\Documents and Settings\aan\Mis documentos\Visual Studio 2010\Projects\YMID\YMID\Debug\link.5176-cvtres.write.1.tlog
C:\Documents and Settings\aan\Mis documentos\Visual Studio 2010\Projects\YMID\YMID\Debug\link.524.read.1.tlog
C:\Documents and Settings\aan\Mis documentos\Visual Studio 2010\Projects\YMID\YMID\Debug\link.524.read.2.tlog
C:\Documents and Settings\aan\Mis documentos\Visual Studio 2010\Projects\YMID\YMID\Debug\link.524.write.1.tlog
C:\Documents and Settings\aan\Mis documentos\Visual Studio 2010\Projects\YMID\YMID\Debug\link.524-cvtres.read.1.tlog
C:\Documents and Settings\aan\Mis documentos\Visual Studio 2010\Projects\YMID\YMID\Debug\link.524-cvtres.write.1.tlog
C:\Documents and Settings\aan\Mis documentos\Visual Studio 2010\Projects\YMID\YMID\Debug\link.5252.read.1.tlog
C:\Documents and Settings\aan\Mis documentos\Visual Studio 2010\Projects\YMID\YMID\Debug\link.5252.read.2.tlog
C:\Documents and Settings\aan\Mis documentos\Visual Studio 2010\Projects\YMID\YMID\Debug\link.5252.write.1.tlog
C:\Documents and Settings\aan\Mis documentos\Visual Studio 2010\Projects\YMID\YMID\Debug\link.5252-cvtres.read.1.tlog
C:\Documents and Settings\aan\Mis documentos\Visual Studio 2010\Projects\YMID\YMID\Debug\link.5252-cvtres.write.1.tlog
C:\Documents and Settings\aan\Mis documentos\Visual Studio 2010\Projects\YMID\YMID\Debug\link.5288.read.1.tlog
C:\Documents and Settings\aan\Mis documentos\Visual Studio 2010\Projects\YMID\YMID\Debug\link.5288.read.2.tlog
C:\Documents and Settings\aan\Mis documentos\Visual Studio 2010\Projects\YMID\YMID\Debug\link.5288.write.1.tlog
C:\Documents and Settings\aan\Mis documentos\Visual Studio 2010\Projects\YMID\YMID\Debug\link.5288-cvtres.read.1.tlog
C:\Documents and Settings\aan\Mis documentos\Visual Studio 2010\Projects\YMID\YMID\Debug\link.5288-cvtres.write.1.tlog
C:\Documents and Settings\aan\Mis documentos\Visual Studio 2010\Projects\YMID\YMID\Debug\link.5304.read.1.tlog
C:\Documents and Settings\aan\Mis documentos\Visual Studio 2010\Projects\YMID\YMID\Debug\link.5304.read.2.tlog
C:\Documents and Settings\aan\Mis documentos\Visual Studio 2010\Projects\YMID\YMID\Debug\link.5304.write.1.tlog
C:\Documents and Settings\aan\Mis documentos\Visual Studio 2010\Projects\YMID\YMID\Debug\link.5304-cvtres.read.1.tlog
C:\Documents and Settings\aan\Mis documentos\Visual Studio 2010\Projects\YMID\YMID\Debug\link.5304-cvtres.write.1.tlog
C:\Documents and Settings\aan\Mis documentos\Visual Studio 2010\Projects\YMID\YMID\Debug\link.5340.read.1.tlog
C:\Documents and Settings\aan\Mis documentos\Visual Studio 2010\Projects\YMID\YMID\Debug\link.5340.read.2.tlog
C:\Documents and Settings\aan\Mis documentos\Visual Studio 2010\Projects\YMID\YMID\Debug\link.5340.write.1.tlog
C:\Documents and Settings\aan\Mis documentos\Visual Studio 2010\Projects\YMID\YMID\Debug\link.5340-cvtres.read.1.tlog
C:\Documents and Settings\aan\Mis documentos\Visual Studio 2010\Projects\YMID\YMID\Debug\link.5340-cvtres.write.1.tlog
C:\Documents and Settings\aan\Mis documentos\Visual Studio 2010\Projects\YMID\YMID\Debug\link.5348.read.1.tlog
C:\Documents and Settings\aan\Mis documentos\Visual Studio 2010\Projects\YMID\YMID\Debug\link.5348.read.2.tlog
C:\Documents and Settings\aan\Mis documentos\Visual Studio 2010\Projects\YMID\YMID\Debug\link.5348.write.1.tlog
C:\Documents and Settings\aan\Mis documentos\Visual Studio 2010\Projects\YMID\YMID\Debug\link.5348-cvtres.read.1.tlog
C:\Documents and Settings\aan\Mis documentos\Visual Studio 2010\Projects\YMID\YMID\Debug\link.5348-cvtres.write.1.tlog
C:\Documents and Settings\aan\Mis documentos\Visual Studio 2010\Projects\YMID\YMID\Debug\link.5380.read.1.tlog
C:\Documents and Settings\aan\Mis documentos\Visual Studio 2010\Projects\YMID\YMID\Debug\link.5380.read.2.tlog
C:\Documents and Settings\aan\Mis documentos\Visual Studio 2010\Projects\YMID\YMID\Debug\link.5380.write.1.tlog
C:\Documents and Settings\aan\Mis documentos\Visual Studio 2010\Projects\YMID\YMID\Debug\link.5380-cvtres.read.1.tlog
C:\Documents and Settings\aan\Mis documentos\Visual Studio 2010\Projects\YMID\YMID\Debug\link.5380-cvtres.write.1.tlog
C:\Documents and Settings\aan\Mis documentos\Visual Studio 2010\Projects\YMID\YMID\Debug\link.5472.read.1.tlog
C:\Documents and Settings\aan\Mis documentos\Visual Studio 2010\Projects\YMID\YMID\Debug\link.5472.read.2.tlog
C:\Documents and Settings\aan\Mis documentos\Visual Studio 2010\Projects\YMID\YMID\Debug\link.5472.write.1.tlog
C:\Documents and Settings\aan\Mis documentos\Visual Studio 2010\Projects\YMID\YMID\Debug\link.5472-cvtres.read.1.tlog
C:\Documents and Settings\aan\Mis documentos\Visual Studio 2010\Projects\YMID\YMID\Debug\link.5472-cvtres.write.1.tlog
C:\Documents and Settings\aan\Mis documentos\Visual Studio 2010\Projects\YMID\YMID\Debug\link.5516.read.1.tlog
C:\Documents and Settings\aan\Mis documentos\Visual Studio 2010\Projects\YMID\YMID\Debug\link.5516.read.2.tlog
C:\Documents and Settings\aan\Mis documentos\Visual Studio 2010\Projects\YMID\YMID\Debug\link.5516.write.1.tlog
C:\Documents and Settings\aan\Mis documentos\Visual Studio 2010\Projects\YMID\YMID\Debug\link.5516-cvtres.read.1.tlog
C:\Documents and Settings\aan\Mis documentos\Visual Studio 2010\Projects\YMID\YMID\Debug\link.5516-cvtres.write.1.tlog
C:\Documents and Settings\aan\Mis documentos\Visual Studio 2010\Projects\YMID\YMID\Debug\link.5664.read.1.tlog
C:\Documents and Settings\aan\Mis documentos\Visual Studio 2010\Projects\YMID\YMID\Debug\link.5664.read.2.tlog
C:\Documents and Settings\aan\Mis documentos\Visual Studio 2010\Projects\YMID\YMID\Debug\link.5664.write.1.tlog
C:\Documents and Settings\aan\Mis documentos\Visual Studio 2010\Projects\YMID\YMID\Debug\link.5664-cvtres.read.1.tlog
C:\Documents and Settings\aan\Mis documentos\Visual Studio 2010\Projects\YMID\YMID\Debug\link.5664-cvtres.write.1.tlog
C:\Documents and Settings\aan\Mis documentos\Visual Studio 2010\Projects\YMID\YMID\Debug\link.5716.read.1.tlog
C:\Documents and Settings\aan\Mis documentos\Visual Studio 2010\Projects\YMID\YMID\Debug\link.5716.read.2.tlog
C:\Documents and Settings\aan\Mis documentos\Visual Studio 2010\Projects\YMID\YMID\Debug\link.5716.write.1.tlog
C:\Documents and Settings\aan\Mis documentos\Visual Studio 2010\Projects\YMID\YMID\Debug\link.5716-cvtres.read.1.tlog
C:\Documents and Settings\aan\Mis documentos\Visual Studio 2010\Projects\YMID\YMID\Debug\link.5716-cvtres.write.1.tlog
C:\Documents and Settings\aan\Mis documentos\Visual Studio 2010\Projects\YMID\YMID\Debug\link.5724.read.1.tlog
C:\Documents and Settings\aan\Mis documentos\Visual Studio 2010\Projects\YMID\YMID\Debug\link.5724.read.2.tlog
C:\Documents and Settings\aan\Mis documentos\Visual Studio 2010\Projects\YMID\YMID\Debug\link.5724.write.1.tlog
C:\Documents and Settings\aan\Mis documentos\Visual Studio 2010\Projects\YMID\YMID\Debug\link.5724-cvtres.read.1.tlog
C:\Documents and Settings\aan\Mis documentos\Visual Studio 2010\Projects\YMID\YMID\Debug\link.5724-cvtres.write.1.tlog
C:\Documents and Settings\aan\Mis documentos\Visual Studio 2010\Projects\YMID\YMID\Debug\link.5732.read.1.tlog
C:\Documents and Settings\aan\Mis documentos\Visual Studio 2010\Projects\YMID\YMID\Debug\link.5732.read.2.tlog
C:\Documents and Settings\aan\Mis documentos\Visual Studio 2010\Projects\YMID\YMID\Debug\link.5732.write.1.tlog
C:\Documents and Settings\aan\Mis documentos\Visual Studio 2010\Projects\YMID\YMID\Debug\link.5732-cvtres.read.1.tlog
C:\Documents and Settings\aan\Mis documentos\Visual Studio 2010\Projects\YMID\YMID\Debug\link.5732-cvtres.write.1.tlog
C:\Documents and Settings\aan\Mis documentos\Visual Studio 2010\Projects\YMID\YMID\Debug\link.5736.read.1.tlog
C:\Documents and Settings\aan\Mis documentos\Visual Studio 2010\Projects\YMID\YMID\Debug\link.5736.read.2.tlog
C:\Documents and Settings\aan\Mis documentos\Visual Studio 2010\Projects\YMID\YMID\Debug\link.5736.write.1.tlog
C:\Documents and Settings\aan\Mis documentos\Visual Studio 2010\Projects\YMID\YMID\Debug\link.5736-cvtres.read.1.tlog
C:\Documents and Settings\aan\Mis documentos\Visual Studio 2010\Projects\YMID\YMID\Debug\link.5736-cvtres.write.1.tlog
C:\Documents and Settings\aan\Mis documentos\Visual Studio 2010\Projects\YMID\YMID\Debug\link.5788.read.1.tlog
C:\Documents and Settings\aan\Mis documentos\Visual Studio 2010\Projects\YMID\YMID\Debug\link.5788.read.2.tlog
C:\Documents and Settings\aan\Mis documentos\Visual Studio 2010\Projects\YMID\YMID\Debug\link.5788.write.1.tlog
C:\Documents and Settings\aan\Mis documentos\Visual Studio 2010\Projects\YMID\YMID\Debug\link.5788-cvtres.read.1.tlog
C:\Documents and Settings\aan\Mis documentos\Visual Studio 2010\Projects\YMID\YMID\Debug\link.5788-cvtres.write.1.tlog
C:\Documents and Settings\aan\Mis documentos\Visual Studio 2010\Projects\YMID\YMID\Debug\link.5840.read.1.tlog
C:\Documents and Settings\aan\Mis documentos\Visual Studio 2010\Projects\YMID\YMID\Debug\link.5840.read.2.tlog
C:\Documents and Settings\aan\Mis documentos\Visual Studio 2010\Projects\YMID\YMID\Debug\link.5840.write.1.tlog
C:\Documents and Settings\aan\Mis documentos\Visual Studio 2010\Projects\YMID\YMID\Debug\link.5840-cvtres.read.1.tlog
C:\Documents and Settings\aan\Mis documentos\Visual Studio 2010\Projects\YMID\YMID\Debug\link.5840-cvtres.write.1.tlog
C:\Documents and Settings\aan\Mis documentos\Visual Studio 2010\Projects\YMID\YMID\Debug\link.5868.read.1.tlog
C:\Documents and Settings\aan\Mis documentos\Visual Studio 2010\Projects\YMID\YMID\Debug\link.5868.read.2.tlog
C:\Documents and Settings\aan\Mis documentos\Visual Studio 2010\Projects\YMID\YMID\Debug\link.5868.write.1.tlog
C:\Documents and Settings\aan\Mis documentos\Visual Studio 2010\Projects\YMID\YMID\Debug\link.5868-cvtres.read.1.tlog
C:\Documents and Settings\aan\Mis documentos\Visual Studio 2010\Projects\YMID\YMID\Debug\link.5868-cvtres.write.1.tlog
C:\Documents and Settings\aan\Mis documentos\Visual Studio 2010\Projects\YMID\YMID\Debug\link.5900.read.1.tlog
C:\Documents and Settings\aan\Mis documentos\Visual Studio 2010\Projects\YMID\YMID\Debug\link.5900.read.2.tlog
C:\Documents and Settings\aan\Mis documentos\Visual Studio 2010\Projects\YMID\YMID\Debug\link.5900.write.1.tlog
C:\Documents and Settings\aan\Mis documentos\Visual Studio 2010\Projects\YMID\YMID\Debug\link.5900-cvtres.read.1.tlog
C:\Documents and Settings\aan\Mis documentos\Visual Studio 2010\Projects\YMID\YMID\Debug\link.5900-cvtres.write.1.tlog
C:\Documents and Settings\aan\Mis documentos\Visual Studio 2010\Projects\YMID\YMID\Debug\link.5920.read.1.tlog
C:\Documents and Settings\aan\Mis documentos\Visual Studio 2010\Projects\YMID\YMID\Debug\link.5920.read.2.tlog
C:\Documents and Settings\aan\Mis documentos\Visual Studio 2010\Projects\YMID\YMID\Debug\link.5920.write.1.tlog
C:\Documents and Settings\aan\Mis documentos\Visual Studio 2010\Projects\YMID\YMID\Debug\link.5920-cvtres.read.1.tlog
C:\Documents and Settings\aan\Mis documentos\Visual Studio 2010\Projects\YMID\YMID\Debug\link.5920-cvtres.write.1.tlog
C:\Documents and Settings\aan\Mis documentos\Visual Studio 2010\Projects\YMID\YMID\Debug\link.6016.read.1.tlog
C:\Documents and Settings\aan\Mis documentos\Visual Studio 2010\Projects\YMID\YMID\Debug\link.6016.read.2.tlog
C:\Documents and Settings\aan\Mis documentos\Visual Studio 2010\Projects\YMID\YMID\Debug\link.6016.write.1.tlog
C:\Documents and Settings\aan\Mis documentos\Visual Studio 2010\Projects\YMID\YMID\Debug\link.6016-cvtres.read.1.tlog
C:\Documents and Settings\aan\Mis documentos\Visual Studio 2010\Projects\YMID\YMID\Debug\link.6016-cvtres.write.1.tlog
C:\Documents and Settings\aan\Mis documentos\Visual Studio 2010\Projects\YMID\YMID\Debug\link.6024.read.1.tlog
C:\Documents and Settings\aan\Mis documentos\Visual Studio 2010\Projects\YMID\YMID\Debug\link.6024.read.2.tlog
C:\Documents and Settings\aan\Mis documentos\Visual Studio 2010\Projects\YMID\YMID\Debug\link.6024.write.1.tlog
C:\Documents and Settings\aan\Mis documentos\Visual Studio 2010\Projects\YMID\YMID\Debug\link.6024-cvtres.read.1.tlog
C:\Documents and Settings\aan\Mis documentos\Visual Studio 2010\Projects\YMID\YMID\Debug\link.6024-cvtres.write.1.tlog
C:\Documents and Settings\aan\Mis documentos\Visual Studio 2010\Projects\YMID\YMID\Debug\link.6084.read.1.tlog
C:\Documents and Settings\aan\Mis documentos\Visual Studio 2010\Projects\YMID\YMID\Debug\link.6084.read.2.tlog
C:\Documents and Settings\aan\Mis documentos\Visual Studio 2010\Projects\YMID\YMID\Debug\link.6084.write.1.tlog
C:\Documents and Settings\aan\Mis documentos\Visual Studio 2010\Projects\YMID\YMID\Debug\link.6084-cvtres.read.1.tlog
C:\Documents and Settings\aan\Mis documentos\Visual Studio 2010\Projects\YMID\YMID\Debug\link.6084-cvtres.write.1.tlog
C:\Documents and Settings\aan\Mis documentos\Visual Studio 2010\Projects\YMID\YMID\Debug\link.7592.read.1.tlog
C:\Documents and Settings\aan\Mis documentos\Visual Studio 2010\Projects\YMID\YMID\Debug\link.7592.read.2.tlog
C:\Documents and Settings\aan\Mis documentos\Visual Studio 2010\Projects\YMID\YMID\Debug\link.7592.write.1.tlog
C:\Documents and Settings\aan\Mis documentos\Visual Studio 2010\Projects\YMID\YMID\Debug\link.7592-cvtres.read.1.tlog
C:\Documents and Settings\aan\Mis documentos\Visual Studio 2010\Projects\YMID\YMID\Debug\link.7592-cvtres.write.1.tlog
C:\Documents and Settings\aan\Mis documentos\Visual Studio 2010\Projects\YMID\YMID\Debug\link.836.read.1.tlog
C:\Documents and Settings\aan\Mis documentos\Visual Studio 2010\Projects\YMID\YMID\Debug\link.836.read.2.tlog
C:\Documents and Settings\aan\Mis documentos\Visual Studio 2010\Projects\YMID\YMID\Debug\link.836.write.1.tlog
C:\Documents and Settings\aan\Mis documentos\Visual Studio 2010\Projects\YMID\YMID\Debug\link.836-cvtres.read.1.tlog
C:\Documents and Settings\aan\Mis documentos\Visual Studio 2010\Projects\YMID\YMID\Debug\link.836-cvtres.write.1.tlog
C:\Documents and Settings\aan\Mis documentos\Visual Studio 2010\Projects\YMID\YMID\Debug\link.936.read.1.tlog
C:\Documents and Settings\aan\Mis documentos\Visual Studio 2010\Projects\YMID\YMID\Debug\link.936.read.2.tlog
C:\Documents and Settings\aan\Mis documentos\Visual Studio 2010\Projects\YMID\YMID\Debug\link.936.write.1.tlog
C:\Documents and Settings\aan\Mis documentos\Visual Studio 2010\Projects\YMID\YMID\Debug\link.936-cvtres.read.1.tlog
C:\Documents and Settings\aan\Mis documentos\Visual Studio 2010\Projects\YMID\YMID\Debug\link.936-cvtres.write.1.tlog
C:\Documents and Settings\aan\Mis documentos\Visual Studio 2010\Projects\YMID\YMID\Debug\link.command.1.tlog
C:\Documents and Settings\aan\Mis documentos\Visual Studio 2010\Projects\YMID\YMID\Debug\link.read.1.tlog
C:\Documents and Settings\aan\Mis documentos\Visual Studio 2010\Projects\YMID\YMID\Debug\link.read.2.tlog
C:\Documents and Settings\aan\Mis documentos\Visual Studio 2010\Projects\YMID\YMID\Debug\link.write.1.tlog
C:\Documents and Settings\aan\Mis documentos\Visual Studio 2010\Projects\YMID\YMID\Debug\link-cvtres.read.1.tlog
C:\Documents and Settings\aan\Mis documentos\Visual Studio 2010\Projects\YMID\YMID\Debug\link-cvtres.write.1.tlog
C:\DOCUMENTS AND SETTINGS\AAN\MIS DOCUMENTOS\VISUAL STUDIO 2010\PROJECTS\YMID\YMID\DEBUG\MAIN.OBJ
C:\DOCUMENTS AND SETTINGS\AAN\MIS DOCUMENTOS\VISUAL STUDIO 2010\PROJECTS\YMID\YMID\DEBUG\MAPSEARCHNODE.OBJ
C:\DOCUMENTS AND SETTINGS\AAN\MIS DOCUMENTOS\VISUAL STUDIO 2010\PROJECTS\YMID\YMID\DEBUG\MENUPOSITIONRENDERER.OBJ
C:\DOCUMENTS AND SETTINGS\AAN\MIS DOCUMENTOS\VISUAL STUDIO 2010\PROJECTS\YMID\YMID\DEBUG\MENUSTATE.OBJ
C:\Documents and Settings\aan\Mis documentos\Visual Studio 2010\Projects\YMID\YMID\Debug\mt.command.1.tlog
C:\Documents and Settings\aan\Mis documentos\Visual Studio 2010\Projects\YMID\YMID\Debug\mt.read.1.tlog
C:\Documents and Settings\aan\Mis documentos\Visual Studio 2010\Projects\YMID\YMID\Debug\mt.write.1.tlog
C:\DOCUMENTS AND SETTINGS\AAN\MIS DOCUMENTOS\VISUAL STUDIO 2010\PROJECTS\YMID\YMID\DEBUG\MYCONVERTER.OBJ
C:\DOCUMENTS AND SETTINGS\AAN\MIS DOCUMENTOS\VISUAL STUDIO 2010\PROJECTS\YMID\YMID\DEBUG\MYMATH.OBJ
C:\DOCUMENTS AND SETTINGS\AAN\MIS DOCUMENTOS\VISUAL STUDIO 2010\PROJECTS\YMID\YMID\DEBUG\MYTEXT.OBJ
C:\DOCUMENTS AND SETTINGS\AAN\MIS DOCUMENTOS\VISUAL STUDIO 2010\PROJECTS\YMID\YMID\DEBUG\PLAYERCONTROLLER.OBJ
C:\DOCUMENTS AND SETTINGS\AAN\MIS DOCUMENTOS\VISUAL STUDIO 2010\PROJECTS\YMID\YMID\DEBUG\PLAYERLOGICCALCULATOR.OBJ
C:\DOCUMENTS AND SETTINGS\AAN\MIS DOCUMENTOS\VISUAL STUDIO 2010\PROJECTS\YMID\YMID\DEBUG\PLAYERMODEL.OBJ
C:\DOCUMENTS AND SETTINGS\AAN\MIS DOCUMENTOS\VISUAL STUDIO 2010\PROJECTS\YMID\YMID\DEBUG\PLAYERMODELINVENTORY.OBJ
C:\DOCUMENTS AND SETTINGS\AAN\MIS DOCUMENTOS\VISUAL STUDIO 2010\PROJECTS\YMID\YMID\DEBUG\PLAYERVIEW.OBJ
C:\DOCUMENTS AND SETTINGS\AAN\MIS DOCUMENTOS\VISUAL STUDIO 2010\PROJECTS\YMID\YMID\DEBUG\QUATERNION.OBJ
C:\Documents and Settings\aan\Mis documentos\Visual Studio 2010\Projects\YMID\YMID\Debug\rc.command.1.tlog
C:\Documents and Settings\aan\Mis documentos\Visual Studio 2010\Projects\YMID\YMID\Debug\rc.read.1.tlog
C:\Documents and Settings\aan\Mis documentos\Visual Studio 2010\Projects\YMID\YMID\Debug\rc.write.1.tlog
C:\DOCUMENTS AND SETTINGS\AAN\MIS DOCUMENTOS\VISUAL STUDIO 2010\PROJECTS\YMID\YMID\DEBUG\RECTANGLEMESH.OBJ
C:\DOCUMENTS AND SETTINGS\AAN\MIS DOCUMENTOS\VISUAL STUDIO 2010\PROJECTS\YMID\YMID\DEBUG\RESOURCESMANAGER.OBJ
C:\DOCUMENTS AND SETTINGS\AAN\MIS DOCUMENTOS\VISUAL STUDIO 2010\PROJECTS\YMID\YMID\DEBUG\SETTINGS.OBJ
C:\DOCUMENTS AND SETTINGS\AAN\MIS DOCUMENTOS\VISUAL STUDIO 2010\PROJECTS\YMID\YMID\DEBUG\SETTINGSMANAGER.OBJ
C:\DOCUMENTS AND SETTINGS\AAN\MIS DOCUMENTOS\VISUAL STUDIO 2010\PROJECTS\YMID\YMID\DEBUG\SOUNDMANAGER.OBJ
C:\DOCUMENTS AND SETTINGS\AAN\MIS DOCUMENTOS\VISUAL STUDIO 2010\PROJECTS\YMID\YMID\DEBUG\STATICOBJECTCONTROLLER.OBJ
C:\DOCUMENTS AND SETTINGS\AAN\MIS DOCUMENTOS\VISUAL STUDIO 2010\PROJECTS\YMID\YMID\DEBUG\STATICOBJECTFACTORY.OBJ
C:\DOCUMENTS AND SETTINGS\AAN\MIS DOCUMENTOS\VISUAL STUDIO 2010\PROJECTS\YMID\YMID\DEBUG\STATICOBJECTLOGICCALCULATOR.OBJ
C:\DOCUMENTS AND SETTINGS\AAN\MIS DOCUMENTOS\VISUAL STUDIO 2010\PROJECTS\YMID\YMID\DEBUG\STATICOBJECTMODEL.OBJ
C:\DOCUMENTS AND SETTINGS\AAN\MIS DOCUMENTOS\VISUAL STUDIO 2010\PROJECTS\YMID\YMID\DEBUG\STATICOBJECTSHIELDVIEW.OBJ
C:\DOCUMENTS AND SETTINGS\AAN\MIS DOCUMENTOS\VISUAL STUDIO 2010\PROJECTS\YMID\YMID\DEBUG\STATICOBJECTVIEW.OBJ
C:\DOCUMENTS AND SETTINGS\AAN\MIS DOCUMENTOS\VISUAL STUDIO 2010\PROJECTS\YMID\YMID\DEBUG\TEXTURE.OBJ
C:\DOCUMENTS AND SETTINGS\AAN\MIS DOCUMENTOS\VISUAL STUDIO 2010\PROJECTS\YMID\YMID\DEBUG\TEXTUREATLAS.OBJ
C:\DOCUMENTS AND SETTINGS\AAN\MIS DOCUMENTOS\VISUAL STUDIO 2010\PROJECTS\YMID\YMID\DEBUG\TEXTUREMANAGER.OBJ
C:\Documents and Settings\aan\Mis documentos\Visual Studio 2010\Projects\YMID\YMID\Debug\vc100.idb
C:\DOCUMENTS AND SETTINGS\AAN\MIS DOCUMENTOS\VISUAL STUDIO 2010\PROJECTS\YMID\YMID\DEBUG\VC100.PDB
C:\DOCUMENTS AND SETTINGS\AAN\MIS DOCUMENTOS\VISUAL STUDIO 2010\PROJECTS\YMID\YMID\DEBUG\VECTOR4.OBJ
C:\DOCUMENTS AND SETTINGS\AAN\MIS DOCUMENTOS\VISUAL STUDIO 2010\PROJECTS\YMID\YMID\DEBUG\YMID.EXE.EMBED.MANIFEST
C:\DOCUMENTS AND SETTINGS\AAN\MIS DOCUMENTOS\VISUAL STUDIO 2010\PROJECTS\YMID\YMID\DEBUG\YMID.EXE.EMBED.MANIFEST.RES
C:\DOCUMENTS AND SETTINGS\AAN\MIS DOCUMENTOS\VISUAL STUDIO 2010\PROJECTS\YMID\YMID\DEBUG\YMID.EXE.INTERMEDIATE.MANIFEST
C:\Documents and Settings\aan\Mis documentos\Visual Studio 2010\Projects\YMID\YMID\Debug\YMID_manifest.rc
